\BOOKMARK [0][-]{table.caption.1}{\376\377\000H\000A\000L\000A\000M\000A\000N\000\040\000P\000E\000N\000G\000E\000S\000A\000H\000A\000N}{}% 1
\BOOKMARK [0][-]{table.caption.1}{\376\377\000B\000U\000K\000T\000I\000\040\000B\000E\000B\000A\000S\000\040\000P\000L\000A\000G\000I\000A\000S\000I}{}% 2
\BOOKMARK [0][-]{section*.3}{\376\377\000D\000a\000f\000t\000a\000r\000\040\000I\000s\000i}{}% 3
\BOOKMARK [0][-]{section*.5}{\376\377\000D\000a\000f\000t\000a\000r\000\040\000G\000a\000m\000b\000a\000r}{}% 4
\BOOKMARK [0][-]{section*.7}{\376\377\000D\000a\000f\000t\000a\000r\000\040\000T\000a\000b\000e\000l}{}% 5
\BOOKMARK [0][-]{section*.7}{\376\377\000D\000A\000F\000T\000A\000R\000\040\000S\000I\000M\000B\000O\000L\000\040\000D\000A\000N\000\040\000N\000O\000T\000A\000S\000I}{}% 6
\BOOKMARK [0][-]{table.0.1}{\376\377\000C\000A\000T\000A\000T\000A\000N\000\040\000R\000E\000V\000I\000S\000I\000\040\000D\000O\000K\000U\000M\000E\000N}{}% 7
\BOOKMARK [0][-]{table.0.2}{\376\377\000I\000N\000T\000I\000S\000A\000R\000I}{}% 8
\BOOKMARK [0][-]{table.0.2}{\376\377\000R\000I\000N\000G\000K\000A\000S\000A\000N\000\040\000E\000K\000S\000E\000K\000U\000T\000I\000F}{}% 9
\BOOKMARK [0][-]{chapter.1}{\376\377\000P\000e\000n\000g\000a\000n\000t\000a\000r}{}% 10
\BOOKMARK [1][-]{section.1.1}{\376\377\000P\000e\000r\000k\000e\000m\000b\000a\000n\000g\000a\000n\000\040\000C\000O\000V\000I\000D\000-\0001\0009}{chapter.1}% 11
\BOOKMARK [1][-]{section.1.2}{\376\377\000D\000a\000m\000p\000a\000k\000\040\000C\000O\000V\000I\000D\000-\0001\0009\000\040\000t\000e\000r\000h\000a\000d\000a\000p\000\040\000T\000e\000n\000a\000g\000a\000\040\000K\000e\000s\000e\000h\000a\000t\000a\000n}{chapter.1}% 12
\BOOKMARK [1][-]{section.1.3}{\376\377\000B\000i\000d\000a\000n\000g\000\040\000R\000o\000b\000o\000t\000i\000k\000a\000\040\000u\000n\000t\000u\000k\000\040\000C\000O\000V\000I\000D\000-\0001\0009}{chapter.1}% 13
\BOOKMARK [0][-]{chapter.2}{\376\377\000D\000a\000s\000a\000r\000\040\000T\000e\000o\000r\000i\000\040\000P\000e\000n\000d\000u\000k\000u\000n\000g}{}% 14
\BOOKMARK [1][-]{section.2.1}{\376\377\000R\000o\000b\000o\000t}{chapter.2}% 15
\BOOKMARK [2][-]{subsection.2.1.1}{\376\377\000J\000e\000n\000i\000s\000-\000j\000e\000n\000i\000s\000\040\000R\000o\000b\000o\000t}{section.2.1}% 16
\BOOKMARK [2][-]{subsection.2.1.2}{\376\377\000R\000o\000b\000o\000t\000\040\000A\000u\000t\000o\000n\000o\000m\000o\000u\000s}{section.2.1}% 17
\BOOKMARK [2][-]{subsection.2.1.3}{\376\377\000R\000o\000b\000o\000t\000\040\000B\000e\000r\000g\000e\000r\000a\000k}{section.2.1}% 18
\BOOKMARK [1][-]{section.2.2}{\376\377\000S\000e\000n\000s\000o\000r\000\040\000P\000e\000r\000s\000e\000p\000s\000i}{chapter.2}% 19
\BOOKMARK [2][-]{subsection.2.2.1}{\376\377\000K\000a\000m\000e\000r\000a\000\040\000R\000G\000B\000-\000D}{section.2.2}% 20
\BOOKMARK [3][-]{subsubsection.2.2.1.1}{\376\377\000J\000e\000n\000i\000s\000-\000j\000e\000n\000i\000s\000\040\000K\000a\000m\000e\000r\000a\000\040\000R\000G\000B\000-\000D}{subsection.2.2.1}% 21
\BOOKMARK [4][-]{paragraph.2.2.1.1.1}{\376\377\000K\000a\000m\000e\000r\000a\000\040\000T\000i\000m\000e\000\040\000o\000f\000\040\000F\000l\000i\000g\000h\000t}{subsubsection.2.2.1.1}% 22
\BOOKMARK [4][-]{paragraph.2.2.1.1.2}{\376\377\000K\000a\000m\000e\000r\000a\000\040\000S\000t\000r\000u\000c\000t\000u\000r\000e\000d\000\040\000L\000i\000g\000h\000t}{subsubsection.2.2.1.1}% 23
\BOOKMARK [3][-]{subsubsection.2.2.1.2}{\376\377\000M\000i\000s\000s\000i\000n\000g\000\040\000D\000e\000p\000t\000h}{subsection.2.2.1}% 24
\BOOKMARK [4][-]{paragraph.2.2.1.2.1}{\376\377\000R\000G\000B\000\040\000I\000m\000a\000g\000e\000\040\000I\000n\000p\000a\000i\000n\000t\000i\000n\000g}{subsubsection.2.2.1.2}% 25
\BOOKMARK [4][-]{paragraph.2.2.1.2.2}{\376\377\000D\000e\000p\000t\000h\000\040\000F\000i\000l\000l\000i\000n\000g}{subsubsection.2.2.1.2}% 26
\BOOKMARK [2][-]{subsection.2.2.2}{\376\377\000S\000e\000n\000s\000o\000r\000\040\000U\000l\000t\000r\000a\000s\000o\000n\000i\000k}{section.2.2}% 27
\BOOKMARK [2][-]{subsection.2.2.3}{\376\377\000S\000e\000n\000s\000o\000r\000\040\000I\000n\000f\000r\000a\000m\000e\000r\000a\000h}{section.2.2}% 28
\BOOKMARK [2][-]{subsection.2.2.4}{\376\377\000S\000e\000n\000s\000o\000r\000\040\000L\000i\000D\000A\000R\000\040\000\050\000L\000i\000g\000h\000t\000\040\000D\000e\000t\000e\000c\000t\000i\000o\000n\000\040\000a\000n\000d\000\040\000R\000a\000n\000g\000i\000n\000g\000\051}{section.2.2}% 29
\BOOKMARK [3][-]{subsubsection.2.2.4.1}{\376\377\000E\000m\000i\000s\000i\000\040\000L\000i\000D\000A\000R}{subsection.2.2.4}% 30
\BOOKMARK [3][-]{subsubsection.2.2.4.2}{\376\377\000P\000e\000m\000i\000n\000d\000a\000i\000a\000n}{subsection.2.2.4}% 31
\BOOKMARK [3][-]{subsubsection.2.2.4.3}{\376\377\000P\000e\000n\000e\000r\000i\000m\000a\000a\000n\000\040\000F\000l\000u\000k\000s}{subsection.2.2.4}% 32
\BOOKMARK [3][-]{subsubsection.2.2.4.4}{\376\377\000F\000i\000l\000t\000e\000r\000i\000n\000g}{subsection.2.2.4}% 33
\BOOKMARK [3][-]{subsubsection.2.2.4.5}{\376\377\000K\000o\000n\000v\000e\000r\000s\000i\000\040\000F\000l\000u\000k\000s\000\040\000k\000e\000\040\000T\000e\000g\000a\000n\000g\000a\000n}{subsection.2.2.4}% 34
\BOOKMARK [1][-]{section.2.3}{\376\377\000S\000i\000s\000t\000e\000m\000\040\000O\000p\000e\000r\000a\000s\000i\000\040\000R\000o\000b\000o\000t}{chapter.2}% 35
\BOOKMARK [1][-]{section.2.4}{\376\377\000O\000b\000j\000e\000c\000t\000\040\000R\000e\000c\000o\000g\000n\000i\000t\000i\000o\000n}{chapter.2}% 36
\BOOKMARK [0][-]{chapter.3}{\376\377\000A\000n\000a\000l\000i\000s\000i\000s\000\040\000S\000t\000u\000d\000i\000\040\000P\000u\000s\000t\000a\000k\000a\000\040\000K\000u\000n\000c\000i\000\040\000d\000a\000n\000\040\000P\000e\000m\000i\000l\000i\000h\000a\000n\000\040\000M\000e\000t\000o\000d\000e}{}% 37
\BOOKMARK [1][-]{section.3.1}{\376\377\000A\000n\000a\000l\000i\000s\000i\000s\000\040\000M\000e\000t\000o\000d\000e\000\040\000L\000e\000g\000\040\000D\000e\000t\000e\000c\000t\000i\000o\000n}{chapter.3}% 38
\BOOKMARK [1][-]{section.3.2}{\376\377\000A\000n\000a\000l\000i\000s\000i\000s\000\040\000M\000e\000t\000o\000d\000e\000\040\000T\000o\000r\000s\000o\000\040\000D\000e\000t\000e\000c\000t\000i\000o\000n}{chapter.3}% 39
\BOOKMARK [1][-]{section.3.3}{\376\377\000A\000n\000a\000l\000i\000s\000i\000s\000\040\000M\000e\000t\000o\000d\000e\000\040\000H\000i\000p\000\040\000D\000e\000t\000e\000c\000t\000i\000o\000n}{chapter.3}% 40
\BOOKMARK [1][-]{section.3.4}{\376\377\000P\000e\000m\000i\000l\000i\000h\000a\000n\000\040\000M\000e\000t\000o\000d\000e}{chapter.3}% 41
\BOOKMARK [0][-]{chapter.4}{\376\377\000D\000e\000t\000a\000i\000l\000\040\000I\000m\000p\000l\000e\000m\000e\000n\000t\000a\000s\000i}{}% 42
\BOOKMARK [1][-]{section.4.1}{\376\377\000L\000u\000a\000r\000a\000n\000\040\000C\000a\000p\000s\000t\000o\000n\000e\000\040\000P\000r\000o\000j\000e\000c\000t\000\040\000b\000e\000s\000e\000r\000t\000a\000\040\000S\000p\000e\000s\000i\000f\000i\000k\000a\000s\000i\000n\000y\000a}{chapter.4}% 43
\BOOKMARK [1][-]{section.4.2}{\376\377\000B\000a\000t\000a\000s\000a\000n\000\040\000M\000a\000s\000a\000l\000a\000h}{chapter.4}% 44
\BOOKMARK [1][-]{section.4.3}{\376\377\000D\000e\000t\000a\000i\000l\000\040\000R\000a\000n\000c\000a\000n\000g\000a\000n}{chapter.4}% 45
\BOOKMARK [2][-]{subsection.4.3.1}{\376\377\000P\000e\000r\000s\000i\000a\000p\000a\000n\000\040\000D\000e\000n\000a\000h\000\040\000R\000u\000a\000n\000g\000a\000n}{section.4.3}% 46
\BOOKMARK [2][-]{subsection.4.3.2}{\376\377\000P\000e\000r\000s\000i\000a\000p\000a\000n\000\040\000D\000a\000t\000a\000\040\000L\000i\000D\000A\000R}{section.4.3}% 47
\BOOKMARK [2][-]{subsection.4.3.3}{\376\377\000D\000e\000t\000e\000k\000s\000i\000\040\000S\000e\000g\000m\000e\000n\000\040\000G\000a\000r\000i\000s\000\040\000d\000a\000n\000\040\000L\000i\000n\000g\000k\000a\000r\000a\000n}{section.4.3}% 48
\BOOKMARK [2][-]{subsection.4.3.4}{\376\377\000O\000r\000t\000h\000o\000g\000o\000n\000a\000l\000\040\000D\000i\000s\000t\000a\000n\000c\000e\000\040\000R\000e\000g\000r\000e\000s\000s\000i\000o\000n\000\040\000d\000a\000n\000\040\000L\000e\000a\000s\000t\000-\000s\000q\000u\000a\000r\000e\000\040\000C\000i\000r\000c\000l\000e\000\040\000F\000i\000t\000t\000i\000n\000g}{section.4.3}% 49
\BOOKMARK [2][-]{subsection.4.3.5}{\376\377\000K\000l\000a\000s\000i\000f\000i\000k\000a\000s\000i\000\040\000M\000a\000n\000u\000s\000i\000a}{section.4.3}% 50
\BOOKMARK [1][-]{section.4.4}{\376\377\000I\000m\000p\000r\000o\000v\000e\000m\000e\000n\000t}{chapter.4}% 51
\BOOKMARK [0][-]{chapter.5}{\376\377\000P\000e\000n\000g\000u\000j\000i\000a\000n\000\040\000d\000a\000n\000\040\000P\000e\000m\000b\000a\000h\000a\000s\000a\000n}{}% 52
\BOOKMARK [1][-]{section.5.1}{\376\377\000P\000e\000n\000g\000u\000j\000i\000a\000n\000\040\000d\000a\000n\000\040\000P\000e\000m\000b\000a\000h\000a\000s\000a\000n}{chapter.5}% 53
\BOOKMARK [2][-]{subsection.5.1.1}{\376\377\000S\000k\000e\000n\000a\000r\000i\000o\000\040\000P\000e\000n\000g\000u\000j\000i\000a\000n\000\040\000S\000i\000m\000u\000l\000a\000s\000i\000\040\000L\000i\000D\000A\000R\000\040\000d\000a\000n\000\040\000A\000n\000a\000l\000i\000s\000i\000s}{section.5.1}% 54
\BOOKMARK [2][-]{subsection.5.1.2}{\376\377\000S\000k\000e\000n\000a\000r\000i\000o\000\040\000P\000e\000n\000g\000u\000j\000i\000a\000n\000\040\000F\000i\000t\000t\000i\000n\000g\000\040\000A\000l\000g\000o\000r\000i\000t\000h\000m\000\040\000d\000a\000n\000\040\000A\000n\000a\000l\000i\000s\000i\000s}{section.5.1}% 55
\BOOKMARK [2][-]{subsection.5.1.3}{\376\377\000S\000k\000e\000n\000a\000r\000i\000o\000\040\000P\000e\000n\000g\000u\000j\000i\000a\000n\000\040\000S\000e\000e\000d\000\040\000D\000e\000t\000e\000c\000t\000i\000o\000n\000\040\000d\000a\000n\000\040\000A\000n\000a\000l\000i\000s\000i\000s}{section.5.1}% 56
\BOOKMARK [2][-]{subsection.5.1.4}{\376\377\000S\000k\000e\000n\000a\000r\000i\000o\000\040\000P\000e\000n\000g\000u\000j\000i\000a\000n\000\040\000S\000e\000g\000m\000e\000n\000t\000\040\000D\000e\000t\000e\000c\000t\000i\000o\000n\000\040\000d\000a\000n\000\040\000A\000n\000a\000l\000i\000s\000i\000s}{section.5.1}% 57
\BOOKMARK [2][-]{subsection.5.1.5}{\376\377\000S\000k\000e\000n\000a\000r\000i\000o\000\040\000P\000e\000n\000g\000u\000j\000i\000a\000n\000\040\000K\000l\000a\000s\000i\000f\000i\000k\000a\000s\000i\000\040\000d\000a\000n\000\040\000S\000i\000m\000u\000l\000a\000s\000i\000\040\000L\000i\000D\000A\000R\000\040\000B\000e\000r\000g\000e\000r\000a\000k\000\040\000d\000a\000n\000\040\000A\000n\000a\000l\000i\000s\000i\000s}{section.5.1}% 58
\BOOKMARK [0][-]{chapter.6}{\376\377\000A\000n\000a\000l\000i\000s\000i\000s\000\040\000M\000e\000n\000g\000e\000n\000a\000i\000\040\000P\000e\000n\000g\000a\000r\000u\000h\000\040\000S\000o\000l\000u\000s\000i\000\040\000E\000n\000g\000i\000n\000e\000e\000r\000i\000n\000g\000\040\000D\000e\000s\000i\000g\000n\000\040}{}% 59
\BOOKMARK [0][-]{chapter.7}{\376\377\000K\000e\000s\000i\000m\000p\000u\000l\000a\000n\000\040\000d\000a\000n\000\040\000S\000a\000r\000a\000n}{}% 60
\BOOKMARK [1][-]{section.7.1}{\376\377\000K\000e\000s\000i\000m\000p\000u\000l\000a\000n}{chapter.7}% 61
\BOOKMARK [1][-]{section.7.2}{\376\377\000S\000a\000r\000a\000n}{chapter.7}% 62
\BOOKMARK [0][-]{chapter*.58}{\376\377\000R\000E\000F\000E\000R\000E\000N\000S\000I}{}% 63
